
> client@1.0.0 start
> electron .

/snap/core20/current/lib/x86_64-linux-gnu/libstdc++.so.6: version `GLIBCXX_3.4.29' not found (required by /lib/x86_64-linux-gnu/libproxy.so.1)
Failed to load module: /home/chinmay/snap/code/common/.cache/gio-modules/libgiolibproxy.so
[60261:1213/143043.582301:ERROR:gl_surface_presentation_helper.cc(260)] GetVSyncParametersIfAvailable() failed for 1 times!
/usr/lib/node_modules/electron/dist/electron exited with signal SIGINT

> client@1.0.0 start
> electron .

/snap/core20/current/lib/x86_64-linux-gnu/libstdc++.so.6: version `GLIBCXX_3.4.29' not found (required by /lib/x86_64-linux-gnu/libproxy.so.1)
Failed to load module: /home/chinmay/snap/code/common/.cache/gio-modules/libgiolibproxy.so
[60508:1213/143102.616111:ERROR:gl_surface_presentation_helper.cc(260)] GetVSyncParametersIfAvailable() failed for 1 times!
[60463:1213/143103.067336:ERROR:CONSOLE(1)] "Request Autofill.enable failed. {"code":-32601,"message":"'Autofill.enable' wasn't found"}", source: devtools://devtools/bundled/core/protocol_client/protocol_client.js (1)
[60463:1213/143103.067770:ERROR:CONSOLE(1)] "Request Autofill.setAddresses failed. {"code":-32601,"message":"'Autofill.setAddresses' wasn't found"}", source: devtools://devtools/bundled/core/protocol_client/protocol_client.js (1)
[60508:1213/143115.117484:ERROR:gl_surface_presentation_helper.cc(260)] GetVSyncParametersIfAvailable() failed for 2 times!
[60508:1213/143125.616142:ERROR:gl_surface_presentation_helper.cc(260)] GetVSyncParametersIfAvailable() failed for 3 times!

> client@1.0.0 start
> electron .

/snap/core20/current/lib/x86_64-linux-gnu/libstdc++.so.6: version `GLIBCXX_3.4.29' not found (required by /lib/x86_64-linux-gnu/libproxy.so.1)
Failed to load module: /home/chinmay/snap/code/common/.cache/gio-modules/libgiolibproxy.so
[61171:1213/143520.871026:ERROR:gl_surface_presentation_helper.cc(260)] GetVSyncParametersIfAvailable() failed for 1 times!
[61123:1213/143521.790196:ERROR:CONSOLE(1)] "Request Autofill.enable failed. {"code":-32601,"message":"'Autofill.enable' wasn't found"}", source: devtools://devtools/bundled/core/protocol_client/protocol_client.js (1)
[61123:1213/143521.790317:ERROR:CONSOLE(1)] "Request Autofill.setAddresses failed. {"code":-32601,"message":"'Autofill.setAddresses' wasn't found"}", source: devtools://devtools/bundled/core/protocol_client/protocol_client.js (1)
